<?xml version="1.0" encoding="UTF-8"?>
<!-- Generated by org.testng.reporters.JUnitReportReporter -->
<testsuite hostname="ASDA0024" name="com.qait.acs.tests.GmailTest" tests="1" failures="0" timestamp="23 Jul 2018 13:19:51 GMT" time="8.895" errors="0">
  <testcase name="verifyLogin" time="8.895" classname="com.qait.acs.tests.GmailTest"/>
</testsuite> <!-- com.qait.acs.tests.GmailTest -->
